[2017-09-14 16:35:11]	就是 c->n
[2017-09-14 16:35:11]	一个 mq->n
[2017-09-14 16:35:11]	改为 v->n
[2017-09-14 16:35:11]	值 a->n
[2017-09-14 16:35:11]	只有 c->n
[2017-09-14 16:35:11]	任选 v->n
[2017-09-14 16:35:11]	有限 a->n
[2017-09-14 16:35:11]	同一个 b->n
[2017-09-14 16:35:11]	包括 v->n
[2017-09-14 16:35:11]	因此 c->n
[2017-09-14 16:35:11]	无穷 d->n
[2017-09-14 16:35:11]	排列 v->n
[2017-09-14 16:35:11]	生成 v->n
[2017-09-14 16:35:11]	分别 d->n
[2017-09-14 16:35:11]	想 v->n
[2017-09-14 16:35:11]	之间 f->n
[2017-09-14 16:35:11]	出发 vi->n
[2017-09-14 16:35:11]	分割 v->n
[2017-09-14 16:35:11]	正值 p->n
[2017-09-14 16:35:11]	转化 v->n
[2017-09-14 16:35:11]	猜想 v->n
[2017-09-14 16:35:11]	转换 v->n
[2017-09-14 16:35:11]	任意 b->n
[2017-09-14 16:35:11]	落下 v->n
[2017-09-14 16:35:11]	内 f->n
[2017-09-14 16:35:11]	千米 q->n
[2017-09-14 16:35:11]	返回 v->n
[2017-09-14 16:35:11]	一侧 f->n
[2017-09-14 16:35:11]	对应 vi->n
[2017-09-14 16:35:11]	互不 d->n
[2017-09-14 16:35:11]	对于 p->n
[2017-09-14 16:35:11]	无论 c->n
[2017-09-14 16:35:11]	裁剪 v->n
[2017-09-14 16:35:11]	可知 v->n
[2017-09-14 16:35:11]	反射 v->n
[2017-09-14 16:35:11]	互为 d->n
[2017-09-14 16:35:11]	逆时针 d->n
[2017-09-14 16:35:11]	平分 v->n
[2017-09-14 16:35:11]	凹 a->n
[2017-09-14 16:35:11]	另外 c->n
[2017-09-14 16:35:11]	放置 v->n
[2017-09-14 16:35:11]	转变 v->n
[2017-09-14 16:35:11]	用到 v->n
[2017-09-14 16:35:11]	还有 v->n
[2017-09-14 16:35:11]	截 q->n
[2017-09-14 16:35:11]	类似 a->n
[2017-09-14 16:35:11]	到 p->n
[2017-09-14 16:35:11]	称为 v->n
[2017-09-14 16:35:11]	遇见 v->n
[2017-09-14 16:35:11]	前 f->n
[2017-09-14 16:35:11]	才 c->n
[2017-09-14 16:35:11]	沿着 p->n
[2017-09-14 16:35:11]	不会 v->n
[2017-09-14 16:35:11]	验证 v->n
[2017-09-14 16:35:11]	一点 mq->n
[2017-09-14 16:35:11]	否则 c->n
[2017-09-14 16:35:11]	能否 v->n
[2017-09-14 16:35:11]	只要 c->n
[2017-09-14 16:35:11]	若 c->n
[2017-09-14 16:35:11]	超过 v->n
[2017-09-14 16:35:11]	按 p->n
[2017-09-14 16:35:11]	旋转 vi->n
[2017-09-14 16:35:11]	不得 vi->n
[2017-09-14 16:35:11]	绘图 vi->n
[2017-09-14 16:35:11]	作图 v->n
[2017-09-14 16:35:11]	上述 b->n
[2017-09-14 16:35:11]	单调 a->n
[2017-09-14 16:35:11]	一系列 b->n
[2017-09-14 16:35:11]	一元 b->n
[2017-09-14 16:35:11]	因为 c->n
[2017-09-14 16:35:11]	不必 d->n
[2017-09-14 16:35:11]	此刻 r->n
[2017-09-14 16:35:11]	推出 v->n
[2017-09-14 16:35:11]	舍去 v->n
[2017-09-14 16:35:11]	相等 vi->n
[2017-09-14 16:35:11]	同时 c->n
[2017-09-14 16:35:11]	即 c->n
[2017-09-14 16:35:11]	就要 d->n
[2017-09-14 16:35:11]	到达 v->n
[2017-09-14 16:35:11]	由此可知 vl->n
[2017-09-14 16:35:11]	原 b->n
[2017-09-14 16:35:11]	现 b->n
[2017-09-14 16:35:11]	共有 v->n
[2017-09-14 16:35:11]	可见 c->n
[2017-09-14 16:35:11]	它们 rr->n
[2017-09-14 16:35:11]	又 c->n
[2017-09-14 16:35:11]	及 cc->n
[2017-09-14 16:35:11]	取 v->n
[2017-09-14 16:35:11]	是否 d->n
[2017-09-14 16:35:11]	另 d->n
[2017-09-14 16:35:11]	递减 vi->n
[2017-09-14 16:35:11]	求知 vi->n
[2017-09-14 16:35:11]	可 c->n
[2017-09-14 16:35:11]	相对 b->n
[2017-09-14 16:35:11]	一则 c->n
[2017-09-14 16:35:11]	绕行 v->n
[2017-09-14 16:35:11]	减小 v->n
[2017-09-14 16:35:11]	二元 b->n
[2017-09-14 16:35:11]	折叠 v->n
[2017-09-14 16:35:11]	小于 nr->n
[2017-09-14 16:35:11]	适合 a->n
[2017-09-14 16:35:11]	为止 u->n
[2017-09-14 16:35:11]	具有 v->n
[2017-09-14 16:35:11]	不能 v->n
[2017-09-14 16:35:11]	试问 v->n
[2017-09-14 16:35:11]	所以 c->n
[2017-09-14 16:35:11]	除了 p->n
[2017-09-14 16:35:11]	如下 vi->n
[2017-09-14 16:35:11]	逆向 a->n
[2017-09-14 16:35:11]	选取 v->n
[2017-09-14 16:35:11]	知道 v->n
[2017-09-14 16:35:11]	何种 r->n
[2017-09-14 16:35:11]	除以 v->n
[2017-09-14 16:35:11]	最少 d->n
[2017-09-14 16:35:11]	延长 ns->n
[2017-09-14 16:35:11]	故 c->n
[2017-09-14 16:35:11]	得出 v->n
[2017-09-14 16:35:11]	方可 d->n
[2017-09-14 16:35:11]	边上 f->n
[2017-09-14 16:35:11]	下列 b->n
[2017-09-14 16:35:11]	得到 v->n
[2017-09-14 16:35:11]	并用 vi->n
[2017-09-14 16:35:11]	至多 d->n
[2017-09-14 16:35:11]	对折 vn->n
[2017-09-14 16:35:11]	也就是说 vl->n
[2017-09-14 16:35:11]	问 ng->n
[2017-09-14 16:35:11]	时 d->n
[2017-09-14 16:35:11]	一次性 b->n
[2017-09-14 16:35:11]	多少 ry->n
[2017-09-14 16:35:11]	直线 d->n
[2017-09-14 16:35:11]	正数 v->n
[2017-09-14 16:35:11]	千克 q->n
[2017-09-14 16:35:11]	取得 v->n
[2017-09-14 16:35:11]	相应 d->n
[2017-09-14 16:35:11]	相交 vi->n
[2017-09-14 16:35:11]	存在 v->n
[2017-09-14 16:35:11]	及其 cc->n
[2017-09-14 16:35:11]	装有 v->n
[2017-09-14 16:35:11]	恰好 d->n
[2017-09-14 16:35:11]	圆 a->n
[2017-09-14 16:35:11]	有 vyou->n
[2017-09-14 16:35:11]	回到 v->n
[2017-09-14 16:35:11]	此时 r->n
[2017-09-14 16:35:11]	在 d->n
[2017-09-14 16:35:11]	用来 v->n
[2017-09-14 16:35:11]	均 ag->n
[2017-09-14 16:35:11]	相似 a->n
[2017-09-14 16:35:11]	来 f->n
[2017-09-14 16:35:11]	作答 v->n
[2017-09-14 16:35:11]	什么 ry->n
[2017-09-14 16:35:11]	不合 v->n
[2017-09-14 16:35:11]	不同 a->n
[2017-09-14 16:35:11]	原来 b->n
[2017-09-14 16:35:11]	有趣 a->n
[2017-09-14 16:35:11]	与否 u->n
[2017-09-14 16:35:11]	每种 r->n
[2017-09-14 16:35:11]	知 ag->n
[2017-09-14 16:35:11]	给定 v->n
[2017-09-14 16:35:11]	带入 v->n
[2017-09-14 16:35:11]	平行 vd->n
[2017-09-14 16:35:11]	含有 v->n
[2017-09-14 16:35:11]	相遇 vi->n
[2017-09-14 16:35:11]	是因为 c->n
[2017-09-14 16:35:11]	定点 b->n
[2017-09-14 16:35:11]	填 v->n
[2017-09-14 16:35:11]	可以 a->n
[2017-09-14 16:35:11]	有人 r->n
[2017-09-14 16:35:11]	上方 b->n
[2017-09-14 16:35:11]	下方 f->n
[2017-09-14 16:35:11]	外 f->n
[2017-09-14 16:35:11]	不断 d->n
[2017-09-14 16:35:11]	现有 b->n
[2017-09-14 16:35:11]	一块 d->n
[2017-09-14 16:35:11]	于是 cc->n
[2017-09-14 16:35:11]	河边 s->n
[2017-09-14 16:35:11]	现在 t->n
[2017-09-14 16:35:11]	放在 v->n
[2017-09-14 16:35:11]	摆放 v->n
[2017-09-14 16:35:11]	检验 v->n
[2017-09-14 16:35:11]	叫做 v->n
[2017-09-14 16:35:11]	不是 c->n
[2017-09-14 16:35:11]	平移 vn->n
[2017-09-14 16:35:11]	解 ng->n
[2017-09-14 16:35:11]	称 ng->n
[2017-09-14 16:35:11]	相切 vi->n
[2017-09-14 16:35:11]	右侧 f->n
[2017-09-14 16:35:11]	达到 v->n
[2017-09-14 16:35:11]	并称 v->n
[2017-09-14 16:35:11]	观察 v->n
[2017-09-14 16:35:11]	大于 v->n
[2017-09-14 16:35:11]	只能 v->n
[2017-09-14 16:35:11]	变换 v->n
[2017-09-14 16:35:11]	矛盾 a->n
[2017-09-14 16:35:11]	尽可能 d->n
[2017-09-14 16:35:11]	连结 v->n
[2017-09-14 16:35:11]	刚好 d->n
[2017-09-14 16:35:11]	成立 vi->n
[2017-09-14 16:35:11]	给予 vn->n
[2017-09-14 16:35:11]	高 a->n
[2017-09-14 16:35:11]	有点 d->n
[2017-09-14 16:35:11]	递增 vi->n
[2017-09-14 16:35:11]	连续 a->n
[2017-09-14 16:35:11]	换成 v->n
[2017-09-14 16:35:11]	从而 c->n
[2017-09-14 16:35:11]	应有 v->n
[2017-09-14 16:35:11]	满足 a->n
[2017-09-14 16:35:11]	这边 rzs->n
[2017-09-14 16:35:11]	探究 v->n
[2017-09-14 16:35:11]	第 m->n
[2017-09-14 16:35:11]	产生 v->n
[2017-09-14 16:35:11]	例如 v->n
[2017-09-14 16:35:11]	多元 b->n
[2017-09-14 16:35:11]	正 a->n
[2017-09-14 16:35:11]	发生 v->n
[2017-09-14 16:35:11]	此 rzs->n
[2017-09-14 16:35:11]	又是 c->n
[2017-09-14 16:35:11]	关于 p->n
[2017-09-14 16:35:11]	同上 vi->n
[2017-09-14 16:35:11]	其中 rz->n
[2017-09-14 16:35:11]	同一 b->n
[2017-09-14 16:35:11]	有关 p->n
[2017-09-14 16:35:11]	上行 vi->n
[2017-09-14 16:35:11]	求得 v->n
[2017-09-14 16:35:11]	下行 vi->n
[2017-09-14 16:35:11]	行驶 vi->n
[2017-09-14 16:35:11]	等距 vn->n
[2017-09-14 16:35:11]	设 v->n
[2017-09-14 16:35:11]	组成 v->n
[2017-09-14 16:35:11]	重合 vi->n
[2017-09-14 16:35:11]	比 b->n
[2017-09-14 16:35:11]	试 ng->n
[2017-09-14 16:35:11]	该 rz->n
[2017-09-14 16:35:11]	请 v->n
[2017-09-14 16:35:11]	向上 vd->n
[2017-09-14 16:35:11]	相同 a->n
[2017-09-14 16:35:11]	每个 r->n
[2017-09-14 16:35:11]	求 ng->n
[2017-09-14 16:35:11]	由此 d->n
[2017-09-14 16:35:11]	等于 v->n
[2017-09-14 16:35:11]	既是 c->n
[2017-09-14 16:35:11]	分布 vd->n
[2017-09-14 16:35:11]	沿 f->n
[2017-09-14 16:35:11]	所有 b->n
[2017-09-14 16:35:11]	地上 s->n
[2017-09-14 16:35:11]	分为 v->n
[2017-09-14 16:35:11]	真假 a->n
[2017-09-14 16:35:11]	备用 vi->n
[2017-09-14 16:35:11]	整理 v->n
[2017-09-14 16:35:11]	视为 v->n
[2017-09-14 16:35:11]	一部分 m->n
[2017-09-14 16:35:11]	无需 v->n
[2017-09-14 16:35:11]	不妨 d->n
[2017-09-14 16:35:11]	总是 d->n
[2017-09-14 16:35:11]	公共 b->n
[2017-09-14 16:35:11]	一定 b->n
[2017-09-14 16:35:11]	等边 b->n
[2017-09-14 16:35:11]	更是 d->n
[2017-09-14 16:35:11]	表示 v->n
[2017-09-14 16:35:11]	探索 v->n
[2017-09-14 16:35:11]	依此类推 vl->n
[2017-09-14 16:35:11]	差 a->n
[2017-09-14 16:35:11]	化为 v->n
[2017-09-14 16:35:11]	一对 mq->n
[2017-09-14 16:35:11]	滑动 vi->n
[2017-09-14 16:35:11]	一 d->n
[2017-09-14 16:35:11]	覆盖 v->n
[2017-09-14 16:35:11]	上 b->n
[2017-09-14 16:35:11]	简要 a->n
[2017-09-14 16:35:11]	作出 v->n
[2017-09-14 16:35:11]	中 b->n
[2017-09-14 16:35:11]	常 d->n
[2017-09-14 16:35:11]	为 p->n
[2017-09-14 16:35:11]	也 b->n
[2017-09-14 16:35:11]	为什么 ryv->n
[2017-09-14 16:35:11]	没有 d->n
[2017-09-14 16:35:11]	左侧 f->n
[2017-09-14 16:35:11]	于 ng->n
[2017-09-14 16:35:11]	交 ng->n
[2017-09-14 16:35:11]	亦 d->n
[2017-09-14 16:35:11]	不符 v->n
[2017-09-14 16:35:11]	类比 vi->n
[2017-09-14 16:35:11]	唯一 b->n
[2017-09-14 16:35:11]	前面 f->n
[2017-09-14 16:35:11]	仍 d->n
[2017-09-14 16:35:11]	绕 v->n
[2017-09-14 16:35:11]	不等 vi->n
[2017-09-14 16:35:11]	即可 d->n
[2017-09-14 16:35:11]	以 b->n
[2017-09-14 16:35:11]	形成 v->n
[2017-09-14 16:35:11]	可用 a->n
[2017-09-14 16:35:11]	引 ng->n
[2017-09-14 16:35:11]	依次 d->n
[2017-09-14 16:35:11]	不论 c->n
[2017-09-14 16:35:11]	等腰 b->n
[2017-09-14 16:35:11]	当 ng->n
[2017-09-14 16:35:11]	作 ng->n
[2017-09-14 16:35:11]	填空 v->n
[2017-09-14 16:35:11]	由于 c->n
[2017-09-14 16:35:11]	整除 v->n
[2017-09-14 16:35:11]	找到 v->n
[2017-09-14 16:35:11]	使 ng->n
[2017-09-14 16:35:11]	适当 a->n
[2017-09-14 16:35:11]	得 ude3->n
[2017-09-14 16:35:11]	结合 v->n
[2017-09-14 16:35:11]	依 ng->n
[2017-09-14 16:35:11]	边 b->n
[2017-09-14 16:35:11]	垂直 v->n
[2017-09-14 16:35:11]	必 d->n
[2017-09-14 16:35:11]	过 d->n
[2017-09-14 16:35:11]	使得 vi->n
[2017-09-14 16:35:11]	若是 c->n
