[2017-09-08 00:13:56]	D:\eclipse-workspace\aa\Data\NLPIR.user Not valid license or your license expired! Please feel free to contact pipy_zhang@msn.com! 
[2017-09-08 00:14:32]	D:\eclipse-workspace\aa\Data\NLPIR.user Not valid license or your license expired! Please feel free to contact pipy_zhang@msn.com! 
[2017-09-08 00:16:07]	Cannot open file 
[2017-09-08 00:16:07]	D:\eclipse-workspace\aa\Data\KeyBlackList.pdat
[2017-09-08 00:16:18]	Cannot open file 
[2017-09-08 00:16:19]	D:\eclipse-workspace\aa\Data\KeyBlackList.pdat
[2017-09-08 00:16:36]	Cannot open file 
[2017-09-08 00:16:36]	D:\eclipse-workspace\aa\Data\KeyBlackList.pdat
[2017-09-08 00:16:54]	Cannot open file 
[2017-09-08 00:16:54]	D:\eclipse-workspace\aa\Data\KeyBlackList.pdat
[2017-09-08 00:17:31]	Cannot open file 
[2017-09-08 00:17:31]	D:\eclipse-workspace\aa\Data\KeyBlackList.pdat
[2017-09-08 00:21:08]	Cannot open file 
[2017-09-08 00:21:08]	D:\eclipse-workspace\JnaTest_NLPIR\Data\KeyBlackList.pdat
[2017-09-08 10:40:32]	Cannot open file 
[2017-09-08 10:40:32]	C:\Users\Administrator\Desktop\JnaTest_NLPIR\Data\KeyBlackList.pdat
[2017-09-08 10:43:11]	Cannot open file 
[2017-09-08 10:43:11]	C:\Users\Administrator\Desktop\JnaTest_NLPIR\Data\KeyBlackList.pdat
[2017-09-08 10:43:15]	Cannot open file 
[2017-09-08 10:43:15]	C:\Users\Administrator\Desktop\JnaTest_NLPIR\Data\KeyBlackList.pdat
[2017-09-08 10:43:31]	Cannot open file 
[2017-09-08 10:43:31]	C:\Users\Administrator\Desktop\JnaTest_NLPIR\Data\KeyBlackList.pdat
[2017-09-08 10:46:41]	Cannot open file 
[2017-09-08 10:46:41]	file\Data\KeyBlackList.pdat
[2017-09-08 11:05:19]	Cannot open file 
[2017-09-08 11:05:19]	file\Data\KeyBlackList.pdat
[2017-09-08 11:05:40]	Cannot open file 
[2017-09-08 11:05:40]	file\Data\KeyBlackList.pdat
[2017-09-08 11:07:53]	Cannot open file 
[2017-09-08 11:07:53]	file\Data\KeyBlackList.pdat
[2017-09-08 11:32:38]	Cannot open file 
[2017-09-08 11:32:38]	file\Data\KeyBlackList.pdat
[2017-09-08 11:33:46]	Cannot open file 
[2017-09-08 11:33:46]	file\Data\KeyBlackList.pdat
[2017-09-08 11:33:59]	Cannot open file 
[2017-09-08 11:33:59]	file\Data\KeyBlackList.pdat
[2017-09-08 11:34:13]	Cannot open file 
[2017-09-08 11:34:13]	file\Data\KeyBlackList.pdat
[2017-09-08 11:34:36]	Cannot open file 
[2017-09-08 11:34:36]	file\Data\KeyBlackList.pdat
[2017-09-08 11:38:33]	Cannot open file 
[2017-09-08 11:38:33]	file\Data\KeyBlackList.pdat
[2017-09-08 11:44:32]	Cannot open file 
[2017-09-08 11:44:32]	file\Data\KeyBlackList.pdat
[2017-09-08 11:45:28]	Cannot open file 
[2017-09-08 11:45:28]	file\Data\KeyBlackList.pdat
[2017-09-08 11:46:28]	Cannot open file 
[2017-09-08 11:46:28]	file\Data\KeyBlackList.pdat
[2017-09-08 11:47:07]	Cannot open file 
[2017-09-08 11:47:07]	file\Data\KeyBlackList.pdat
[2017-09-08 11:49:43]	Cannot open file 
[2017-09-08 11:49:43]	file\Data\KeyBlackList.pdat
[2017-09-08 11:51:44]	Cannot open file 
[2017-09-08 11:51:44]	file\Data\KeyBlackList.pdat
[2017-09-08 11:52:06]	Cannot open file 
[2017-09-08 11:52:06]	file\Data\KeyBlackList.pdat
[2017-09-08 11:53:41]	Cannot open file 
[2017-09-08 11:53:41]	file\Data\KeyBlackList.pdat
[2017-09-08 11:55:15]	Cannot open file 
[2017-09-08 11:55:15]	file\Data\KeyBlackList.pdat
[2017-09-08 11:55:31]	Cannot open file 
[2017-09-08 11:55:31]	file\Data\KeyBlackList.pdat
[2017-09-08 12:08:39]	Cannot open file 
[2017-09-08 12:08:39]	file\Data\KeyBlackList.pdat
[2017-09-08 12:10:42]	Cannot open file 
[2017-09-08 12:10:42]	file\Data\KeyBlackList.pdat
[2017-09-08 12:12:15]	Cannot open file 
[2017-09-08 12:12:15]	file\Data\KeyBlackList.pdat
[2017-09-08 12:15:32]	Cannot open file 
[2017-09-08 12:15:32]	file\Data\KeyBlackList.pdat
[2017-09-08 13:30:05]	Cannot open file 
[2017-09-08 13:30:05]	file\Data\KeyBlackList.pdat
