增减性
南偏东
必在
可证点
故可得
不证明
递减区间
都等于
无解
顶角
轴对称点
同学们
就是
唯一解
重根
方程组
即用
两种
这首歌
尺规法
一个
两科
拟在
极大值点
此式
改为
正弦
可视为
刚才的
点角
连接点
一串
某一
值
一动点
过定点
符号语言
H型
长方体
北偏东
两点间
实根
正形
右边的
中截面
等差数列
只有
第一象限
只需
几阶
翻折后
相似三角形
任选
入射点
原速
有限
同一个
转化为
问题
不需要
三等分点
点坐标
项积
两个数
两两垂直
试判断
偶数个
包括
七个
因此
子数列
不要求
坡比
不超过
无穷
第一位
旋转后
正三棱柱
画了
解为
若图
如解
一组解
一座
每一次
等距的
全落在
排成
第三个
点
对顶角
关键点
所有数
排列
整数值
足够大的
子列
一组
坐标系中
抛物线
直线上
分别是
入射光
无关的
有零点
解之
互质
极小值
生成
所标的
最短
推得
该值
半圆弧
仅有
劣弧
异侧
这样的
分别
不可能的
原点
想
数表
恒有
开汽车
也即
表示的
帮她
之间
仍是
四类
每个数
经过点
负半轴上
前后轮
如图的
四面体
即是
他用
恒在
平移中的
出发
旋转变换
分割
一张
所学
对称中心
正值
围成的
转化
画弧
若动点
一位
蛋线
外角平分线
三个
倾斜角
恒等于
直角
类似于
此值
猜想
无穷数列
得到的
辅助线
定义域内
五边形
转换
这是
斜率
右半圆
导函数
同理
某位
中心点
从上至下
动弦
两次
趋向于
也可
新结论
条件下
任意
落下
左端点
内
几条
对角线
第一个
同向
任然
非负
千米
返回
不与
上半圆
反比
一侧
对应
首项
互不
所对
六边形
恰好是
对于
四条边
等号
不为
容器
村建
开门大吉
纵坐标
相离
全是
骑摩托车
外角和
三组
仍有
销售价格
无论
左焦点
验证得
此点
裁剪
两点间的
只须
可知
反射
使其
三线
请以
同底等高
互为
二维
某边
理由
从左向右
向地下
平面上
逆时针
翻折
任写
平分
凹
另外
自行车
放置
家园
转变
定直线
解得
用到
向右
行驶的
临界值表
所求
不具有
最多
原方程
第三象限
两段
如答
左顶点
不小于
不等的
线段上
当有
五个
还有
划出
不适合
逆否命题
非零向量
两根式
截
最大
故仅
应为
类似
到
高出
正奇数
存在性
有可能
运动至
若要使
所
可能值
称为
平方后
非中点
遇见
上式
显示图
前
才
增区间
折至
请你
根据
解决了
不少于
两对
合数
他的
顺序排列
沿着
下式
三位
另一组
要证
折成
分布表
两部分
证明
地平面上
运动到
垂线段
去代
联立方程
等邻边
所对应
列方程
相交弦定理
当且仅当
全等于
有一根
从小到大
取定
综上所得
几项
多项
两层
增数列
各是
截得
故当
相应的
不会
任意的
四个
最短的
只需要
验证
一点
极值点
放置在
无需求
另解
这束
这条
否则
后面的
解1
计算出
解2
足够大
能否
平方和
离心率
内接
外接圆
应给
正有理数
所做的
不同的值
表中
确定的
不等式法
中点坐标
三边
最小的
五棱锥
只要
两类
若
其定值
好子集
按响
对边
公共点
要求
内接于
超过
填上
最小值为
故得
内有零点
绕着
正切
按
求圆
公园
基底法
旋转
互余
递增区间
规划设计
零向量
不同时
偏西
动点
有穷数列
第几项
抛物
作圆
不得
第三边
绘图
分情况
k阶
作图
上述
不相等
三倍
你的
左视图
全体同学
射线
不单调
其离心率
变小
单调
一系列
一条边
一元
这三点
因为
不必
喷到
可化为
课外活动
此刻
推出
舍去
相等
延长线上
同时
轴对称性
关系式
变小了
可求出
即
椭圆
圆规
外角
最大值
不影响
示数
公共弦
几何线段
就要
故满足
四象限
等比中项
学到
反比例
到达
n阶
之和为
由此可知
写出
而成
也就是
各有
至多有
直方图
两切线
下面的
若不然
写成
多长时间
反射角
原
n边形
端点
有一条
所有的
等腰三角形
要素
偶数
分割为
现
汽车厂
共有
四边形
第二位
趋近
可见
也是
条件
任意长
共圆
返回到
它们
可证出
又
弧上
底边
及
单调递减
容易求出
等边三角形
另一个
取
半距
余弦值
解法四
是否
充分性
可解
延长线
交与
分支
向量集
另
几种
负无穷
不同的
递减
求知
可
有解
横坐标
分别有
按如图
拋物线
某一边
相对
一则
画出
平行的
绕行
构造函数
共面
重合的
形成的
实际意义
减小
任取
分割点
四边
平面几何
正弦函数
商业中心
大区间
平移到
求根
对应边
易知
二元
左上方
连行
K数列
折叠
虚轴
垂直于
注意到
一片
相遇后
一艘
三组数内
小于
对称轴
适合
游完
约为
另一点
假设
焦点
距离为
为止
转化到
右移
交于
直线运动
一副
解出
又因为
无盲点
哪一点
平分线上
求解得
具有
不全等
有穷
也有
对应值
当如
所给的
两个
派生点
临界值
函数的
交线
均适合
恰有
矩形
对称性
不能
想在
试问
所以
不存在
解析式
除了
钝角三角形
认识
垂直平分
消元
直角坐标
尺规
如下
负有理数
都是
下框中
最小项
暗含着
负方向
二重
这首
不平行的
较短的
需证
不妨设
负半轴
线段
逆向
面积比
一个点
费马点
联立
出发后
不全
体积
垂直平分线上
选取
知道
奇数
秒钟
最小
夹在
存在性定理
自生集
之积
所作
何种
长半轴
除以
一列数
截出
最少
一一对应
两人
不写
一元函数
图象
短轴
两组
至少有一个
取为
发现了
门上
减区间
画
异号
较小的
总存在
水平面上
延长
故
一千克
得出
另一侧
斜坡
种数
整理得
需求
非负整数
反例
总为
方可
直角三角形
所得
正负无穷
两个根
只须证
边上
半轴
两式
平面内
下列
三艘
下半圆
每个角
小山上
半径
得到
三条边
方向
不重合的
值为
一直线
最小值点
并用
若记
子集
均可
若存在
落到
正方向
椭圆方程
减数列
正半轴
至多
两切点
边界上
通过观察
可设
每一个
几点钟
定义法
准线
补全
对折
无刻度的
外心点
变换为
可证
两点坐标
所求的
所述
都有
解之得
高斯
递推
特殊的
该生
奇数项
标注出
组成的
基底
也就是说
有三项
都在
排在
光反射
小者
新数列
求角
试在
开始时
定义
正弦值
可导
阶数
有效途径
问
相反数
摆放在
时
发生变化
扇形
长直角边
答题卡
选地址
拓广
曲线
再问
函数表达式
要使
直接法
集合
一次性
象限
子集中
归纳法
一段时间
硬纸片
正下方
内有
直三棱柱
折痕
习题
斐波那契
题设
不平行
运动时
可求
新旧
中线
多少
生态环境
直线
三等角
非负数
平行四边形
邻边
填入
研究性
直角梯形
恒单调
平移后
方法二
哪一
变化规律
正数
一周
千克
敌舰
其它的
同奇同偶
形如
锐角三角函数
最长的
三垂线
周销量
垂足
从左至右
三角板
正零点
的
因变量
和谐集合
上半
路径长
这两点
取得
半圆弧上
单位
相应
尺规作图
平面镜
交点
相交
不相邻
末项
即证
完全相同
不多于
选择题
三个点
极大值
奖励额
尽可能少
有没有
图上
描点
何关系
这个值
右焦点
方法一
另一
各点中
新的
边形
存在
恒大于零
直棱柱
唯一性
之比
结尾数
反函数
填出
图中
从右至左
及其
查到
等于零
全等
负值
中轴
上焦点
装有
进行了
已无矿
图
恰好
相异
圆
数轴上
有
有两条
消掉
直线斜率
情况下
顶点
袋中
不共线的
回到
产生的
两点
哪几种
必为
直径
此时
水平面
不相似
线上
方程组的
一支
否命题
在
最小角
向外
无极值
两个解
不变性
用来
入射
定律
对应点
四棱锥
消去
平面
同除以
序号
尝试了
均
结论
相似
原问题中
正三角形
垂直平分线段
公路边
重合时
移至
数组
交其
待定系数法
短直角边
某公园
同理可证
旋转角
不变
单位向量
建在
来
解决问题
中点处
距离
同样的
条形图
作答
垂线
只能是
另一个点
什么
要想
相较
中轴点
返回时
正的
解之可得
不合
不同
相切于
该比值
引理
实轴
有趣的
并求出
门上的
双曲线
之间的
内部的
取点
原来
选出的
如图所示
牧马人
不含
有趣
连续的
筝型
大小
奇函数
两腰
题海
圆上
该圆
与否
单调性
每种
思考问题
所夹的
答题卡上
所成
行进路线
公比
由图
知
组中
所在的
骑自行车
定值
对称点
给定
每秒
无零点
带入
同样有
求导
二等分点
请用
有限子集中
中垂线上
有一组
易证
判断
描出
数轴
左半圆
角平分线
截得的
递增函数
曲线上
有一人
创新能力
最优
则有
可能的
己知
点角距离
恒为
不大于
椭圆上
中点
必存在
经验证
价格
此圆
平行
轴外
反射定律
含有
可得出
已知
不妨令
单调减函数
一阶
正三角形内
集合A
几个
相遇
是因为
垂径
取一点
两元素
军事演习
定点
抛物线上
多个
才能
四点共圆
反折
至多为
逆命题
右视图
都不能
四棱柱
供参考
森林公园
填
需使
坐标系
该命题
内角和
所花
各对
原不等式
易求
恒为负
题中
垂心
说明
不满足
零点
不经过
不可能
记为
对数
等高
不确定的
兴趣小组
横坐标轴
异面
透明的
必过
最大的
整数根
每秒钟
不成立
数值
集合B
过边
通项公式
运动到达
均在
分别为
怎样的
最远
原题
极值
适合的
可以
有人
可令
沿着边
四点共面
两不同点
回到了
新题
上方
计算结果
内角
不构成
只含有
平移的
可得到
正负半轴上
作法
顺序数
解方程组
容器内
负相关
平面图
导数
原问题
下方
联立式
共线时
不正确
之差
有限子集
单调减
固定值
取到
长度
外
场外
两动点
若当
二阶
双叶正方形
几何意义
画圆
证法
仅当
路程长
中位线上
即为
当丙
画图
最值
垂足点
各边上
该题
简要的
符合要求
恒小于
符合要求的
三阶
恒为正
不断
多少条
解集
动圆
一束
这一
现有
极小值点
一块
若干次
外心
做了
仅存在
抛物线弧
于是
一条
单调增函数
递减函数
河边
取等号
现在
圆心
按此
可使
歌曲名称
所获
和谐点
旋转到了
几何
有一个
可得
亦即
直二面角
验证知
可供
正半轴上
合适的
由题
某村
若过
自变量
选填
符合条件
开区间
围成
试确定
哪一周
某条
转换为
等比
放在
段线
坐标法
桌面上
差角
不全为
一般地
相较于
摆放
恒过
此题
折叠后
记作
正相关
检验
过点
转证
叫做
相关系数
半轴点
长轴
不是
交流活动
有且只有
最大值为
第一象限内
而行
如图所示的
回答出
角
全为
相减
剪开
匀速运动
平移
解
所含
路程
不相切
区间
称
试猜想
向量法
这座
相切
数最多
不等于
公差
设丙
两舰艇
有一点
完美点
实数集
应是
三线合一
较大
移动到
写出了
外展三叶正方形
这组
右侧
第一种
条数
达到
求该圆
顶点式
旋转了
设为
一根
中心对称
并称
请求出
线段间
平分线
第二项
展开式
同法
上方的
一行
规定
回归方程
敞口
有且仅有
观察
大于
得图
试探索
两三角形
移动至
判别式
六个
等价于
棱锥
只能
两直线
某校
二等分
外点
球上
所获的
进价
如上图
三条
一项
一元二次方程
线段长
变换
欲使
或解
宽度
全等的
另一条
不等式
解方程
矛盾
即得
尽可能
可简化
一题
四等分点
试求出
所对的
不需
闭区间
落在
试证
棱长
连结
所围成
刚好
独特的
数列
扫过
连线
不在
何处时
N元
成立
二次函数
它们的
坐标
给予
试将
大正方形
偶数项
前四周
易求出
坐标轴
法向量
经过
沿边
高
余弦定理
有点
递增
连续
正弦值为
标出
换成
解法三
可能
所用
此种
一定是
无穷多
固定不动
综上知
从而
有四个
所画
从而有
则称
解法一
无穷大
应有
满足
构成
代入法
二面角
半焦距
解法中
原速度
滑动角
这边
不共线
弦长
放置于
内切圆
记点
探究
奇数个
化学
试求
化简
给定的
如图点
同一条
测得点
第
三棱锥
独立思考
实常数
圆内
有限个
某处
适当的
不垂直于
备用图
集合组
五条
非零
歌
入射角
产生
电动汽车
示意图
椭圆弧
字母
例如
垂美四边形
无界
底面
多元
有理数
休闲区
正
共线
发生
此
题意
证明之
相对于
二项
解法二
它的
跟党走
又是
整数解
关于
非空集合
同上
凸四边形
右顶点
仍成立
其中
得出结论
第一项
作当
同一
度数
空集
N边形
有三个
有关
上行
通项
何值
自然数
下框
不失一般性
求得
三项
一首
不重合
测得
切线长
定理
一个数
下行
两点式
不组成
列联表
常数列
也为
下表
上顶点
串接
外切
求边
行驶
等距
设
球体
单音色
恰为
组成
先向
一种
上题
两数
法一
对称轴上
重合
等差
不相同
直角边
比
所围成的
试
记其
再设
再证
现要
不同于
该
成对
勾股定理
证得
易得
转变为
一解
四条
同一个圆
请
顶点坐标
大值
向左
并设
已证
项数
平行于
任意性
相切时
向下
图象上
短轴上
三处
等积法
向上
相同
减函数
她的
斐波那契数列
两直角边
三垂线定理
正切值
足够的
坡面
二次项
合题意
不间断
故可证
相交弦
每个
不增
动线段
挂件
特例
等比数列
各边
分式方程
求
第一步
不减的
最大值点
不唯一
反射后
猜对
选择题A
无数条
法二
k数列
由此
再求
一个根
也成立
等于
所有点
表示成
入射光线
平方厘米
原顺序
是什么
该圆上
正整数
既是
最小值
联立方程组
绕点
山高
摸出
个数
依题
同弧
性知
停留了
数形结合
第一次
沿其
相等的
梯形
该定值
边界
二元基底
去处
相交于
被选
两定点
分布
前一项
都可以
唯一的
积极开展
求点
达到最佳
沿
等价
有两个
所有
文字说明
二种
第三种
运动
不妨取
都为
所需
越大
地上
该图形
作点
每组
相似比
可若
所在
等式
一章
负实数
三种
每一条
对角
推出的
四项
半圆
边长
各棱长
五面体
较小
分为
斜式
顺时针
最大角
真假
轴上
备用
同侧
均成立
平面角
一定的
余切值
保卫人员
只可能
基底集
整理
椭点
精确到
视为
一次
一部分
组合成
无需
棱柱
复合函数
定长
同过
不妨
从下至上
第二种
相同的
展示区
各点
不完全相同
外接
项子列
中点弦
不一定
对应的
熟悉的
满足条件的
滑至
每位
都不是
不变的
任一个
总是
内错角
不符合
某次
三个数
共点
增函数
构成的
不等边
勾股
两圆
一步
切于
不相等的
仅供参考
座杆
韦达定理
即可得
内接圆
正比例
所成角
轨迹
若取
实数根
只含
其值
不属于
趋近于
公共
不恒成立
斜边
切线
一定
镜面
正中间
实数
三边长
公路边上
作腰
等边
旋转式
过程中
等分点
多年前
平行六面体
正实数
轴对称
两条
如图
更是
直角三角板
两块
一段
追上
表示
如下框
分布列
负整数
代入得
构造出
第二项起
探索
作矩形
在一起
公共角
移项
折起
不同点
正三棱锥
三棱柱
两个点
满足要求
如下表
依此类推
总销售额
差
化为
一对
求出
连接了
滑动
取圆
锐角三角形
图甲
一
半径长
覆盖
周数
下方的
差为
都不等于
左旋转
准圆
上
部分的
综上可知
简要
等腰直角三角形
三点共线
多少度
作出
固定在
二次
周长
外端点
侧棱
总有
小三角形
大小为
式子
第四象限
中
切线斜率
三次
常数
常
为
比例
原路
总在
证出
给出
才有
四种
单调增
也
回馈
正负半轴
任一
为什么
一直角
原结论
整数
高为
最长
中有
链接
不包括
吃饱喝足
创新数列
综上
没有
弦长公式
运动了
所装
左侧
分析法
可求得
于
短路线
n元
在点
两根
科普书
旋转至
故此时
垂直平分线
满足条件
两行
交
正无穷
在此之前
亦
都存在
定圆
所在边
三角形
斜三棱柱
不符
定义域
有用的
类比
支上
广泛的
整锐角
请证明
唯一
线
前面
无斜率
旋转到
正方体
三段
函数值
数阵
仍
非空
被截
描点法
中位线
真命题
绕
成绩
不等
即可
转点
两项
自然对数
以
形成
一次函数
大约为
代入
该直线
作垂线
距离和
正方形
若用
高线
所示
由上
若由
中垂
再令
两题
必是
得证
和谐集
可用
引
三个数中
下图中
故设
意义
每一项
先来
几条边
六面体
球状
下证
又称
较大的
并令
表面积
折线
小区间
依次
找出
延轴
直角坐标系
各不相同
请求
地面上
解法
不论
坐标轴上
裁剪时
某时刻
等腰
K阶
不垂直
最大公约数
当
中国结
忽略不计
方差
数集
中垂线
原式
作
想办法
第二步
正实根
填空
路径
再作
两处
甲乙
恒大于
由于
轴
象限内
各项和
假命题
其余的
整除
找到
使
适当
观测值
小正方形
所求点
多少个
向其
列举法
得
切点
第二次
结合
依
向内
自变量值
从左到右
第四种
N阶
之和
听党话
等量
多面体
筝形
取对数
并作
符合条件的
阴影
无实根
右侧的
动直线
至少有
边
垂直
分层抽样
三组数
必
任一点
一个角
某一项
过
运动边
异于
三分之二
任作
排列组合
锐二面角
取棱
向量
轴点
非正
一个解
第二象限
均为
相似法
上面的
该式
中项
不为零
等腰梯形
所对应的
另有
横纵坐标
图甲中
标有
必有
格点
由式
使得
实数解
为零
恒成立
若是
有无
液面
